This is pdfTeX, Version 3.1415926-1.40.11 (MiKTeX 2.9 64-bit) (preloaded format=pdflatex 2014.8.7)  30 SEP 2014 11:47
entering extended mode
**D:/Documents/Engineering/Third*Year/Employability*Skills*Development*Lab/Proj
ect*Final/Project..tex

("D:/Documents/Engineering/Third Year/Employability Skills Development Lab/Proj
ect Final/Project..tex"
LaTeX2e <2009/09/24>
Babel <v3.8l> and hyphenation patterns for english, afrikaans, ancientgreek, ar
abic, armenian, assamese, basque, bengali, bokmal, bulgarian, catalan, coptic, 
croatian, czech, danish, dutch, esperanto, estonian, farsi, finnish, french, ga
lician, german, german-x-2009-06-19, greek, gujarati, hindi, hungarian, iceland
ic, indonesian, interlingua, irish, italian, kannada, kurmanji, lao, latin, lat
vian, lithuanian, malayalam, marathi, mongolian, mongolianlmc, monogreek, ngerm
an, ngerman-x-2009-06-19, nynorsk, oriya, panjabi, pinyin, polish, portuguese, 
romanian, russian, sanskrit, serbian, slovak, slovenian, spanish, swedish, swis
sgerman, tamil, telugu, turkish, turkmen, ukenglish, ukrainian, uppersorbian, u
senglishmax, welsh, loaded.
("C:\Program Files\MiKTeX 2.9\tex\latex\base\report.cls"
Document Class: report 2007/10/19 v1.4h Standard LaTeX document class
("C:\Program Files\MiKTeX 2.9\tex\latex\base\size12.clo"
File: size12.clo 2007/10/19 v1.4h Standard LaTeX file (size option)
)
\c@part=\count79
\c@chapter=\count80
\c@section=\count81
\c@subsection=\count82
\c@subsubsection=\count83
\c@paragraph=\count84
\c@subparagraph=\count85
\c@figure=\count86
\c@table=\count87
\abovecaptionskip=\skip41
\belowcaptionskip=\skip42
\bibindent=\dimen102
)
("C:\Program Files\MiKTeX 2.9\tex\latex\ltxmisc\url.sty"
\Urlmuskip=\muskip10
Package: url 2006/04/12  ver 3.3  Verb mode for urls, etc.
)
("C:\Program Files\MiKTeX 2.9\tex\latex\graphics\color.sty"
Package: color 2005/11/14 v1.0j Standard LaTeX Color (DPC)

("C:\Program Files\MiKTeX 2.9\tex\latex\00miktex\color.cfg"
File: color.cfg 2007/01/18 v1.5 color configuration of teTeX/TeXLive
)
Package color Info: Driver file: pdftex.def on input line 130.

("C:\Program Files\MiKTeX 2.9\tex\latex\pdftex-def\pdftex.def"
File: pdftex.def 2011/01/28 v0.05d Graphics/color for pdfTeX
\Gread@gobject=\count88
))
("C:\Program Files\MiKTeX 2.9\tex\latex\geometry\geometry.sty"
Package: geometry 2010/09/12 v5.6 Page Geometry

("C:\Program Files\MiKTeX 2.9\tex\latex\graphics\keyval.sty"
Package: keyval 1999/03/16 v1.13 key=value parser (DPC)
\KV@toks@=\toks14
)
("C:\Program Files\MiKTeX 2.9\tex\generic\oberdiek\ifpdf.sty"
Package: ifpdf 2010/01/28 v2.1 Provides the ifpdf switch (HO)
Package ifpdf Info: pdfTeX in pdf mode detected.
)
("C:\Program Files\MiKTeX 2.9\tex\generic\oberdiek\ifvtex.sty"
Package: ifvtex 2010/03/01 v1.5 Switches for detecting VTeX and its modes (HO)
Package ifvtex Info: VTeX not detected.
)
("C:\Program Files\MiKTeX 2.9\tex\generic\ifxetex\ifxetex.sty"
Package: ifxetex 2010/09/12 v0.6 Provides ifxetex conditional
)
\Gm@cnth=\count89
\Gm@cntv=\count90
\c@Gm@tempcnt=\count91
\Gm@bindingoffset=\dimen103
\Gm@wd@mp=\dimen104
\Gm@odd@mp=\dimen105
\Gm@even@mp=\dimen106
\Gm@layoutwidth=\dimen107
\Gm@layoutheight=\dimen108
\Gm@layouthoffset=\dimen109
\Gm@layoutvoffset=\dimen110
\Gm@dimlist=\toks15

("C:\Program Files\MiKTeX 2.9\tex\latex\geometry\geometry.cfg"))
("C:\Program Files\MiKTeX 2.9\tex\latex\graphics\graphicx.sty"
Package: graphicx 1999/02/16 v1.0f Enhanced LaTeX Graphics (DPC,SPQR)

("C:\Program Files\MiKTeX 2.9\tex\latex\graphics\graphics.sty"
Package: graphics 2009/02/05 v1.0o Standard LaTeX Graphics (DPC,SPQR)

("C:\Program Files\MiKTeX 2.9\tex\latex\graphics\trig.sty"
Package: trig 1999/03/16 v1.09 sin cos tan (DPC)
)
("C:\Program Files\MiKTeX 2.9\tex\latex\00miktex\graphics.cfg"
File: graphics.cfg 2007/01/18 v1.5 graphics configuration of teTeX/TeXLive
)
Package graphics Info: Driver file: pdftex.def on input line 91.
)
\Gin@req@height=\dimen111
\Gin@req@width=\dimen112
)
("C:\Program Files\MiKTeX 2.9\pgf_3.0.0.tds\tex\tikz-er2.sty"
Package: tikz-er2 2009/01/31 Entity-relationship diagrams using the Tikz librar
y

("C:\Program Files\MiKTeX 2.9\pgf_3.0.0.tds\tex\latex\pgf\frontendlayer\tikz.st
y" ("C:\Program Files\MiKTeX 2.9\pgf_3.0.0.tds\tex\latex\pgf\basiclayer\pgf.sty
" ("C:\Program Files\MiKTeX 2.9\pgf_3.0.0.tds\tex\latex\pgf\utilities\pgfrcs.st
y"
("C:\Program Files\MiKTeX 2.9\pgf_3.0.0.tds\tex\generic\pgf\utilities\pgfutil-c
ommon.tex"
\pgfutil@everybye=\toks16
\pgfutil@tempdima=\dimen113
\pgfutil@tempdimb=\dimen114

("C:\Program Files\MiKTeX 2.9\pgf_3.0.0.tds\tex\generic\pgf\utilities\pgfutil-c
ommon-lists.tex"))
("C:\Program Files\MiKTeX 2.9\pgf_3.0.0.tds\tex\generic\pgf\utilities\pgfutil-l
atex.def"
\pgfutil@abb=\box26

(C:\Users\Inspiron\AppData\Roaming\MiKTeX\2.9\tex\latex\ms\everyshi.sty
Package: everyshi 2001/05/15 v3.00 EveryShipout Package (MS)
))
("C:\Program Files\MiKTeX 2.9\pgf_3.0.0.tds\tex\generic\pgf\utilities\pgfrcs.co
de.tex"
Package: pgfrcs 2013/12/20 v3.0.0 (rcs-revision 1.28)
))
Package: pgf 2013/12/18 v3.0.0 (rcs-revision 1.14)

("C:\Program Files\MiKTeX 2.9\pgf_3.0.0.tds\tex\latex\pgf\basiclayer\pgfcore.st
y"
("C:\Program Files\MiKTeX 2.9\pgf_3.0.0.tds\tex\latex\pgf\systemlayer\pgfsys.st
y"
("C:\Program Files\MiKTeX 2.9\pgf_3.0.0.tds\tex\generic\pgf\systemlayer\pgfsys.
code.tex"
Package: pgfsys 2013/11/30 v3.0.0 (rcs-revision 1.47)

("C:\Program Files\MiKTeX 2.9\pgf_3.0.0.tds\tex\generic\pgf\utilities\pgfkeys.c
ode.tex"
\pgfkeys@pathtoks=\toks17
\pgfkeys@temptoks=\toks18

("C:\Program Files\MiKTeX 2.9\pgf_3.0.0.tds\tex\generic\pgf\utilities\pgfkeysfi
ltered.code.tex"
\pgfkeys@tmptoks=\toks19
))
\pgf@x=\dimen115
\pgf@y=\dimen116
\pgf@xa=\dimen117
\pgf@ya=\dimen118
\pgf@xb=\dimen119
\pgf@yb=\dimen120
\pgf@xc=\dimen121
\pgf@yc=\dimen122
\w@pgf@writea=\write3
\r@pgf@reada=\read1
\c@pgf@counta=\count92
\c@pgf@countb=\count93
\c@pgf@countc=\count94
\c@pgf@countd=\count95
\t@pgf@toka=\toks20
\t@pgf@tokb=\toks21
\t@pgf@tokc=\toks22

("C:\Program Files\MiKTeX 2.9\pgf_3.0.0.tds\tex\generic\pgf\systemlayer\pgf.cfg
"
File: pgf.cfg 2008/05/14  (rcs-revision 1.7)
)
Driver file for pgf: pgfsys-pdftex.def

("C:\Program Files\MiKTeX 2.9\pgf_3.0.0.tds\tex\generic\pgf\systemlayer\pgfsys-
pdftex.def"
File: pgfsys-pdftex.def 2013/07/18  (rcs-revision 1.33)

("C:\Program Files\MiKTeX 2.9\pgf_3.0.0.tds\tex\generic\pgf\systemlayer\pgfsys-
common-pdf.def"
File: pgfsys-common-pdf.def 2013/10/10  (rcs-revision 1.13)
)))
("C:\Program Files\MiKTeX 2.9\pgf_3.0.0.tds\tex\generic\pgf\systemlayer\pgfsyss
oftpath.code.tex"
File: pgfsyssoftpath.code.tex 2013/09/09  (rcs-revision 1.9)
\pgfsyssoftpath@smallbuffer@items=\count96
\pgfsyssoftpath@bigbuffer@items=\count97
)
("C:\Program Files\MiKTeX 2.9\pgf_3.0.0.tds\tex\generic\pgf\systemlayer\pgfsysp
rotocol.code.tex"
File: pgfsysprotocol.code.tex 2006/10/16  (rcs-revision 1.4)
))
(C:\Users\Inspiron\AppData\Roaming\MiKTeX\2.9\tex\latex\xcolor\xcolor.sty
Package: xcolor 2007/01/21 v2.11 LaTeX color extensions (UK)

("C:\Program Files\MiKTeX 2.9\tex\latex\00miktex\color.cfg"
File: color.cfg 2007/01/18 v1.5 color configuration of teTeX/TeXLive
)
Package xcolor Info: Driver file: pdftex.def on input line 225.
LaTeX Info: Redefining \color on input line 702.
Package xcolor Info: Model `cmy' substituted by `cmy0' on input line 1337.
Package xcolor Info: Model `hsb' substituted by `rgb' on input line 1341.
Package xcolor Info: Model `RGB' extended on input line 1353.
Package xcolor Info: Model `HTML' substituted by `rgb' on input line 1355.
Package xcolor Info: Model `Hsb' substituted by `hsb' on input line 1356.
Package xcolor Info: Model `tHsb' substituted by `hsb' on input line 1357.
Package xcolor Info: Model `HSB' substituted by `hsb' on input line 1358.
Package xcolor Info: Model `Gray' substituted by `gray' on input line 1359.
Package xcolor Info: Model `wave' substituted by `hsb' on input line 1360.
)
("C:\Program Files\MiKTeX 2.9\pgf_3.0.0.tds\tex\generic\pgf\basiclayer\pgfcore.
code.tex"
Package: pgfcore 2010/04/11 v3.0.0 (rcs-revision 1.7)

("C:\Program Files\MiKTeX 2.9\pgf_3.0.0.tds\tex\generic\pgf\math\pgfmath.code.t
ex"
("C:\Program Files\MiKTeX 2.9\pgf_3.0.0.tds\tex\generic\pgf\math\pgfmathcalc.co
de.tex"
("C:\Program Files\MiKTeX 2.9\pgf_3.0.0.tds\tex\generic\pgf\math\pgfmathutil.co
de.tex")
("C:\Program Files\MiKTeX 2.9\pgf_3.0.0.tds\tex\generic\pgf\math\pgfmathparser.
code.tex"
\pgfmath@dimen=\dimen123
\pgfmath@count=\count98
\pgfmath@box=\box27
\pgfmath@toks=\toks23
\pgfmath@stack@operand=\toks24
\pgfmath@stack@operation=\toks25
)
("C:\Program Files\MiKTeX 2.9\pgf_3.0.0.tds\tex\generic\pgf\math\pgfmathfunctio
ns.code.tex"
("C:\Program Files\MiKTeX 2.9\pgf_3.0.0.tds\tex\generic\pgf\math\pgfmathfunctio
ns.basic.code.tex")
("C:\Program Files\MiKTeX 2.9\pgf_3.0.0.tds\tex\generic\pgf\math\pgfmathfunctio
ns.trigonometric.code.tex")
("C:\Program Files\MiKTeX 2.9\pgf_3.0.0.tds\tex\generic\pgf\math\pgfmathfunctio
ns.random.code.tex")
("C:\Program Files\MiKTeX 2.9\pgf_3.0.0.tds\tex\generic\pgf\math\pgfmathfunctio
ns.comparison.code.tex")
("C:\Program Files\MiKTeX 2.9\pgf_3.0.0.tds\tex\generic\pgf\math\pgfmathfunctio
ns.base.code.tex")
("C:\Program Files\MiKTeX 2.9\pgf_3.0.0.tds\tex\generic\pgf\math\pgfmathfunctio
ns.round.code.tex")
("C:\Program Files\MiKTeX 2.9\pgf_3.0.0.tds\tex\generic\pgf\math\pgfmathfunctio
ns.misc.code.tex")
("C:\Program Files\MiKTeX 2.9\pgf_3.0.0.tds\tex\generic\pgf\math\pgfmathfunctio
ns.integerarithmetics.code.tex")))
("C:\Program Files\MiKTeX 2.9\pgf_3.0.0.tds\tex\generic\pgf\math\pgfmathfloat.c
ode.tex"
\c@pgfmathroundto@lastzeros=\count99
))
("C:\Program Files\MiKTeX 2.9\pgf_3.0.0.tds\tex\generic\pgf\basiclayer\pgfcorep
oints.code.tex"
File: pgfcorepoints.code.tex 2013/10/07  (rcs-revision 1.27)
\pgf@picminx=\dimen124
\pgf@picmaxx=\dimen125
\pgf@picminy=\dimen126
\pgf@picmaxy=\dimen127
\pgf@pathminx=\dimen128
\pgf@pathmaxx=\dimen129
\pgf@pathminy=\dimen130
\pgf@pathmaxy=\dimen131
\pgf@xx=\dimen132
\pgf@xy=\dimen133
\pgf@yx=\dimen134
\pgf@yy=\dimen135
\pgf@zx=\dimen136
\pgf@zy=\dimen137
)
("C:\Program Files\MiKTeX 2.9\pgf_3.0.0.tds\tex\generic\pgf\basiclayer\pgfcorep
athconstruct.code.tex"
File: pgfcorepathconstruct.code.tex 2013/10/07  (rcs-revision 1.29)
\pgf@path@lastx=\dimen138
\pgf@path@lasty=\dimen139
)
("C:\Program Files\MiKTeX 2.9\pgf_3.0.0.tds\tex\generic\pgf\basiclayer\pgfcorep
athusage.code.tex"
File: pgfcorepathusage.code.tex 2013/12/13  (rcs-revision 1.23)
\pgf@shorten@end@additional=\dimen140
\pgf@shorten@start@additional=\dimen141
)
("C:\Program Files\MiKTeX 2.9\pgf_3.0.0.tds\tex\generic\pgf\basiclayer\pgfcores
copes.code.tex"
File: pgfcorescopes.code.tex 2013/10/09  (rcs-revision 1.44)
\pgfpic=\box28
\pgf@hbox=\box29
\pgf@layerbox@main=\box30
\pgf@picture@serial@count=\count100
)
("C:\Program Files\MiKTeX 2.9\pgf_3.0.0.tds\tex\generic\pgf\basiclayer\pgfcoreg
raphicstate.code.tex"
File: pgfcoregraphicstate.code.tex 2013/09/19  (rcs-revision 1.11)
\pgflinewidth=\dimen142
)
("C:\Program Files\MiKTeX 2.9\pgf_3.0.0.tds\tex\generic\pgf\basiclayer\pgfcoret
ransformations.code.tex"
File: pgfcoretransformations.code.tex 2013/10/10  (rcs-revision 1.17)
\pgf@pt@x=\dimen143
\pgf@pt@y=\dimen144
\pgf@pt@temp=\dimen145
)
("C:\Program Files\MiKTeX 2.9\pgf_3.0.0.tds\tex\generic\pgf\basiclayer\pgfcoreq
uick.code.tex"
File: pgfcorequick.code.tex 2008/10/09  (rcs-revision 1.3)
)
("C:\Program Files\MiKTeX 2.9\pgf_3.0.0.tds\tex\generic\pgf\basiclayer\pgfcoreo
bjects.code.tex"
File: pgfcoreobjects.code.tex 2006/10/11  (rcs-revision 1.2)
)
("C:\Program Files\MiKTeX 2.9\pgf_3.0.0.tds\tex\generic\pgf\basiclayer\pgfcorep
athprocessing.code.tex"
File: pgfcorepathprocessing.code.tex 2013/09/09  (rcs-revision 1.9)
)
("C:\Program Files\MiKTeX 2.9\pgf_3.0.0.tds\tex\generic\pgf\basiclayer\pgfcorea
rrows.code.tex"
File: pgfcorearrows.code.tex 2013/11/07  (rcs-revision 1.40)
\pgfarrowsep=\dimen146
)
("C:\Program Files\MiKTeX 2.9\pgf_3.0.0.tds\tex\generic\pgf\basiclayer\pgfcores
hade.code.tex"
File: pgfcoreshade.code.tex 2013/07/15  (rcs-revision 1.15)
\pgf@max=\dimen147
\pgf@sys@shading@range@num=\count101
)
("C:\Program Files\MiKTeX 2.9\pgf_3.0.0.tds\tex\generic\pgf\basiclayer\pgfcorei
mage.code.tex"
File: pgfcoreimage.code.tex 2013/07/15  (rcs-revision 1.18)

("C:\Program Files\MiKTeX 2.9\pgf_3.0.0.tds\tex\generic\pgf\basiclayer\pgfcoree
xternal.code.tex"
File: pgfcoreexternal.code.tex 2013/07/15  (rcs-revision 1.20)
\pgfexternal@startupbox=\box31
))
("C:\Program Files\MiKTeX 2.9\pgf_3.0.0.tds\tex\generic\pgf\basiclayer\pgfcorel
ayers.code.tex"
File: pgfcorelayers.code.tex 2013/07/18  (rcs-revision 1.7)
)
("C:\Program Files\MiKTeX 2.9\pgf_3.0.0.tds\tex\generic\pgf\basiclayer\pgfcoret
ransparency.code.tex"
File: pgfcoretransparency.code.tex 2013/09/30  (rcs-revision 1.5)
)
("C:\Program Files\MiKTeX 2.9\pgf_3.0.0.tds\tex\generic\pgf\basiclayer\pgfcorep
atterns.code.tex"
File: pgfcorepatterns.code.tex 2013/11/07  (rcs-revision 1.5)
)))
("C:\Program Files\MiKTeX 2.9\pgf_3.0.0.tds\tex\generic\pgf\modules\pgfmodulesh
apes.code.tex"
File: pgfmoduleshapes.code.tex 2013/10/31  (rcs-revision 1.34)
\pgfnodeparttextbox=\box32
)
("C:\Program Files\MiKTeX 2.9\pgf_3.0.0.tds\tex\generic\pgf\modules\pgfmodulepl
ot.code.tex"
File: pgfmoduleplot.code.tex 2013/07/31  (rcs-revision 1.12)
)
("C:\Program Files\MiKTeX 2.9\pgf_3.0.0.tds\tex\latex\pgf\compatibility\pgfcomp
-version-0-65.sty"
Package: pgfcomp-version-0-65 2007/07/03 v3.0.0 (rcs-revision 1.7)
\pgf@nodesepstart=\dimen148
\pgf@nodesepend=\dimen149
)
("C:\Program Files\MiKTeX 2.9\pgf_3.0.0.tds\tex\latex\pgf\compatibility\pgfcomp
-version-1-18.sty"
Package: pgfcomp-version-1-18 2007/07/23 v3.0.0 (rcs-revision 1.1)
))
("C:\Program Files\MiKTeX 2.9\pgf_3.0.0.tds\tex\latex\pgf\utilities\pgffor.sty"
("C:\Program Files\MiKTeX 2.9\pgf_3.0.0.tds\tex\latex\pgf\utilities\pgfkeys.sty
"
("C:\Program Files\MiKTeX 2.9\pgf_3.0.0.tds\tex\generic\pgf\utilities\pgfkeys.c
ode.tex"))
("C:\Program Files\MiKTeX 2.9\pgf_3.0.0.tds\tex\latex\pgf\math\pgfmath.sty"
("C:\Program Files\MiKTeX 2.9\pgf_3.0.0.tds\tex\generic\pgf\math\pgfmath.code.t
ex"))
("C:\Program Files\MiKTeX 2.9\pgf_3.0.0.tds\tex\generic\pgf\utilities\pgffor.co
de.tex"
Package: pgffor 2013/12/13 v3.0.0 (rcs-revision 1.25)

("C:\Program Files\MiKTeX 2.9\pgf_3.0.0.tds\tex\generic\pgf\math\pgfmath.code.t
ex")
\pgffor@iter=\dimen150
\pgffor@skip=\dimen151
\pgffor@stack=\toks26
\pgffor@toks=\toks27
))
("C:\Program Files\MiKTeX 2.9\pgf_3.0.0.tds\tex\generic\pgf\frontendlayer\tikz\
tikz.code.tex"
Package: tikz 2013/12/13 v3.0.0 (rcs-revision 1.142)

("C:\Program Files\MiKTeX 2.9\pgf_3.0.0.tds\tex\generic\pgf\libraries\pgflibrar
yplothandlers.code.tex"
File: pgflibraryplothandlers.code.tex 2013/08/31 v3.0.0 (rcs-revision 1.20)
\pgf@plot@mark@count=\count102
\pgfplotmarksize=\dimen152
)
\tikz@lastx=\dimen153
\tikz@lasty=\dimen154
\tikz@lastxsaved=\dimen155
\tikz@lastysaved=\dimen156
\tikzleveldistance=\dimen157
\tikzsiblingdistance=\dimen158
\tikz@figbox=\box33
\tikz@figbox@bg=\box34
\tikz@tempbox=\box35
\tikz@tempbox@bg=\box36
\tikztreelevel=\count103
\tikznumberofchildren=\count104
\tikznumberofcurrentchild=\count105
\tikz@fig@count=\count106

("C:\Program Files\MiKTeX 2.9\pgf_3.0.0.tds\tex\generic\pgf\modules\pgfmodulema
trix.code.tex"
File: pgfmodulematrix.code.tex 2013/09/17  (rcs-revision 1.8)
\pgfmatrixcurrentrow=\count107
\pgfmatrixcurrentcolumn=\count108
\pgf@matrix@numberofcolumns=\count109
)
\tikz@expandcount=\count110

("C:\Program Files\MiKTeX 2.9\pgf_3.0.0.tds\tex\generic\pgf\frontendlayer\tikz\
libraries\tikzlibrarytopaths.code.tex"
File: tikzlibrarytopaths.code.tex 2008/06/17 v3.0.0 (rcs-revision 1.2)
)))
(C:\Users\Inspiron\AppData\Roaming\MiKTeX\2.9\tex\latex\ulem\ulem.sty
\UL@box=\box37
\UL@hyphenbox=\box38
\UL@skip=\skip43
\UL@hook=\toks28
\UL@height=\dimen159
\UL@pe=\count111
\UL@pixel=\dimen160
\ULC@box=\box39
Package: ulem 2012/05/18
\ULdepth=\dimen161
)
("C:\Program Files\MiKTeX 2.9\pgf_3.0.0.tds\tex\generic\pgf\frontendlayer\tikz\
libraries\tikzlibraryshapes.geometric.code.tex"
File: tikzlibraryshapes.geometric.code.tex 2008/01/09 v3.0.0 (rcs-revision 1.1)


("C:\Program Files\MiKTeX 2.9\pgf_3.0.0.tds\tex\generic\pgf\libraries\shapes\pg
flibraryshapes.geometric.code.tex"
File: pgflibraryshapes.geometric.code.tex 2008/06/26 v3.0.0 (rcs-revision 1.1)
))
("C:\Program Files\MiKTeX 2.9\pgf_3.0.0.tds\tex\generic\pgf\frontendlayer\tikz\
libraries\tikzlibraryarrows.code.tex"
File: tikzlibraryarrows.code.tex 2008/01/09 v3.0.0 (rcs-revision 1.1)

("C:\Program Files\MiKTeX 2.9\pgf_3.0.0.tds\tex\generic\pgf\libraries\pgflibrar
yarrows.code.tex"
File: pgflibraryarrows.code.tex 2013/09/23 v3.0.0 (rcs-revision 1.16)
\arrowsize=\dimen162
))
("C:\Program Files\MiKTeX 2.9\pgf_3.0.0.tds\tex\generic\pgf\frontendlayer\tikz\
libraries\tikzlibraryfit.code.tex"
File: tikzlibraryfit.code.tex 2013/07/12 v3.0.0 (rcs-revision 1.5)
))
("D:\Documents\Engineering\Third Year\Employability Skills Development Lab\Proj
ect Final\Project..aux")
LaTeX Font Info:    Checking defaults for OML/cmm/m/it on input line 14.
LaTeX Font Info:    ... okay on input line 14.
LaTeX Font Info:    Checking defaults for T1/cmr/m/n on input line 14.
LaTeX Font Info:    ... okay on input line 14.
LaTeX Font Info:    Checking defaults for OT1/cmr/m/n on input line 14.
LaTeX Font Info:    ... okay on input line 14.
LaTeX Font Info:    Checking defaults for OMS/cmsy/m/n on input line 14.
LaTeX Font Info:    ... okay on input line 14.
LaTeX Font Info:    Checking defaults for OMX/cmex/m/n on input line 14.
LaTeX Font Info:    ... okay on input line 14.
LaTeX Font Info:    Checking defaults for U/cmr/m/n on input line 14.
LaTeX Font Info:    ... okay on input line 14.

(C:\Users\Inspiron\AppData\Roaming\MiKTeX\2.9\tex\context\base\supp-pdf.mkii
[Loading MPS to PDF converter (version 2006.09.02).]
\scratchcounter=\count112
\scratchdimen=\dimen163
\scratchbox=\box40
\nofMPsegments=\count113
\nofMParguments=\count114
\everyMPshowfont=\toks29
\MPscratchCnt=\count115
\MPscratchDim=\dimen164
\MPnumerator=\count116
\makeMPintoPDFobject=\count117
\everyMPtoPDFconversion=\toks30
)
*geometry* driver: auto-detecting
*geometry* detected driver: pdftex
*geometry* verbose mode - [ preamble ] result:
* driver: pdftex
* paper: a4paper
* layout: <same size as paper>
* layoutoffset:(h,v)=(0.0pt,0.0pt)
* modes: 
* h-part:(L,W,R)=(89.62709pt, 418.25368pt, 89.6271pt)
* v-part:(T,H,B)=(101.40665pt, 591.5302pt, 152.11pt)
* \paperwidth=597.50787pt
* \paperheight=845.04684pt
* \textwidth=418.25368pt
* \textheight=591.5302pt
* \oddsidemargin=17.3571pt
* \evensidemargin=17.3571pt
* \topmargin=-7.86334pt
* \headheight=12.0pt
* \headsep=25.0pt
* \topskip=12.0pt
* \footskip=30.0pt
* \marginparwidth=35.0pt
* \marginparsep=10.0pt
* \columnsep=10.0pt
* \skip\footins=10.8pt plus 4.0pt minus 2.0pt
* \hoffset=0.0pt
* \voffset=0.0pt
* \mag=1000
* \@twocolumnfalse
* \@twosidefalse
* \@mparswitchfalse
* \@reversemarginfalse
* (1in=72.27pt=25.4mm, 1cm=28.453pt)

ABD: EveryShipout initializing macros
LaTeX Font Info:    External font `cmex10' loaded for size
(Font)              <14.4> on input line 15.
LaTeX Font Info:    External font `cmex10' loaded for size
(Font)              <7> on input line 15.
 [1

{C:/Users/Inspiron/AppData/Local/MiKTeX/2.9/pdftex/config/pdftex.map}] [1]
("D:\Documents\Engineering\Third Year\Employability Skills Development Lab\Proj
ect Final\Project..toc"
LaTeX Font Info:    External font `cmex10' loaded for size
(Font)              <12> on input line 2.
LaTeX Font Info:    External font `cmex10' loaded for size
(Font)              <8> on input line 2.
LaTeX Font Info:    External font `cmex10' loaded for size
(Font)              <6> on input line 2.
 [1

])
\tf@toc=\write4
 [2]
Chapter 1.
Missing character: There is no ‚ in font cmr12!
Missing character: There is no Ä in font cmr12!
Missing character: There is no ú in font cmr12!
Missing character: There is no ‚ in font cmr12!
Missing character: There is no Ä in font cmr12!
Missing character: There is no ù in font cmr12!
[1

] [2]
Chapter 2.
[3

] [4]
Chapter 3.
[5

]
Chapter 4.

("C:\Program Files\MiKTeX 2.9\pgf_3.0.0.tds\tex\generic\pgf\frontendlayer\tikz\
libraries\tikzlibrarypositioning.code.tex"
File: tikzlibrarypositioning.code.tex 2008/10/06 v3.0.0 (rcs-revision 1.7)
)
("C:\Program Files\MiKTeX 2.9\pgf_3.0.0.tds\tex\generic\pgf\frontendlayer\tikz\
libraries\tikzlibraryshadows.code.tex"
File: tikzlibraryshadows.code.tex 2008/01/13 v3.0.0 (rcs-revision 1.3)

("C:\Program Files\MiKTeX 2.9\pgf_3.0.0.tds\tex\generic\pgf\frontendlayer\tikz\
libraries\tikzlibraryfadings.code.tex"
File: tikzlibraryfadings.code.tex 2009/11/15 v3.0.0 (rcs-revision 1.2)

("C:\Program Files\MiKTeX 2.9\pgf_3.0.0.tds\tex\generic\pgf\libraries\pgflibrar
yfadings.code.tex"
File: pgflibraryfadings.code.tex 2008/02/07 v3.0.0 (rcs-revision 1.3)
)))
Overfull \hbox (54.22505pt too wide) in paragraph at lines 143--144
[] 
 []

[6

] [7]
Chapter 5.
[8

] [9]
Chapter 6.
[10

] [11]
Chapter 7.
<1.png, id=85, 1028.34187pt x 578.16pt>
File: 1.png Graphic file (type png)
 <use 1.png>
Overfull \hbox (44.4959pt too wide) in paragraph at lines 247--248
 [] 
 []

<2.png, id=86, 1028.34187pt x 578.16pt>
File: 2.png Graphic file (type png)
 <use 2.png>
Overfull \hbox (44.4959pt too wide) in paragraph at lines 250--251
 [] 
 []

[12

 <D:/Documents/Engineering/Third Year/Employability Skills Development Lab/Proj
ect Final/1.png (PNG copy)>] <3.png, id=90, 1028.34187pt x 578.16pt>
File: 3.png Graphic file (type png)

<use 3.png>
Overfull \hbox (44.4959pt too wide) in paragraph at lines 253--254
 [] 
 []

<4.png, id=91, 1028.34187pt x 578.16pt>
File: 4.png Graphic file (type png)
 <use 4.png>
Overfull \hbox (44.4959pt too wide) in paragraph at lines 256--257
 [] 
 []

[13 <D:/Documents/Engineering/Third Year/Employability Skills Development Lab/P
roject Final/2.png (PNG copy)> <D:/Documents/Engineering/Third Year/Employabili
ty Skills Development Lab/Project Final/3.png (PNG copy)>]
<5.png, id=95, 1028.34187pt x 578.16pt>
File: 5.png Graphic file (type png)
 <use 5.png>
Overfull \hbox (44.4959pt too wide) in paragraph at lines 259--260
 [] 
 []

<6.png, id=96, 1028.34187pt x 578.16pt>
File: 6.png Graphic file (type png)
 <use 6.png>
Overfull \hbox (44.4959pt too wide) in paragraph at lines 262--263
 [] 
 []

[14 <D:/Documents/Engineering/Third Year/Employability Skills Development Lab/P
roject Final/4.png (PNG copy)> <D:/Documents/Engineering/Third Year/Employabili
ty Skills Development Lab/Project Final/5.png (PNG copy)>]
<7.png, id=100, 1028.34187pt x 578.16pt>
File: 7.png Graphic file (type png)
 <use 7.png>
Overfull \hbox (44.4959pt too wide) in paragraph at lines 265--266
 [] 
 []

<8.png, id=101, 1028.34187pt x 578.16pt>
File: 8.png Graphic file (type png)
 <use 8.png>
Overfull \hbox (44.4959pt too wide) in paragraph at lines 268--269
 [] 
 []

[15 <D:/Documents/Engineering/Third Year/Employability Skills Development Lab/P
roject Final/6.png (PNG copy)> <D:/Documents/Engineering/Third Year/Employabili
ty Skills Development Lab/Project Final/7.png (PNG copy)>]
<9.png, id=106, 1028.34187pt x 578.16pt>
File: 9.png Graphic file (type png)
 <use 9.png>
Overfull \hbox (44.4959pt too wide) in paragraph at lines 271--272
 [] 
 []

<9_1.png, id=107, 1028.34187pt x 578.16pt>
File: 9_1.png Graphic file (type png)
 <use 9_1.png>
Overfull \hbox (44.4959pt too wide) in paragraph at lines 274--275
 [] 
 []

[16 <D:/Documents/Engineering/Third Year/Employability Skills Development Lab/P
roject Final/8.png (PNG copy)> <D:/Documents/Engineering/Third Year/Employabili
ty Skills Development Lab/Project Final/9.png (PNG copy)>]
<10.png, id=111, 1028.34187pt x 578.16pt>
File: 10.png Graphic file (type png)
 <use 10.png>
Overfull \hbox (44.4959pt too wide) in paragraph at lines 277--278
 [] 
 []

<11.png, id=112, 1028.34187pt x 578.16pt>
File: 11.png Graphic file (type png)
 <use 11.png>
Overfull \hbox (44.4959pt too wide) in paragraph at lines 280--281
 [] 
 []

[17 <D:/Documents/Engineering/Third Year/Employability Skills Development Lab/P
roject Final/9_1.png (PNG copy)> <D:/Documents/Engineering/Third Year/Employabi
lity Skills Development Lab/Project Final/10.png (PNG copy)>]
<12.png, id=116, 1028.34187pt x 578.16pt>
File: 12.png Graphic file (type png)
 <use 12.png>
Overfull \hbox (44.4959pt too wide) in paragraph at lines 283--284
 [] 
 []

<13.png, id=117, 1028.34187pt x 578.16pt>
File: 13.png Graphic file (type png)
 <use 13.png>
Overfull \hbox (44.4959pt too wide) in paragraph at lines 286--287
 [] 
 []

[18 <D:/Documents/Engineering/Third Year/Employability Skills Development Lab/P
roject Final/11.png (PNG copy)> <D:/Documents/Engineering/Third Year/Employabil
ity Skills Development Lab/Project Final/12.png (PNG copy)>]
<14.png, id=121, 1028.34187pt x 578.16pt>
File: 14.png Graphic file (type png)
 <use 14.png>
Overfull \hbox (44.4959pt too wide) in paragraph at lines 289--290
 [] 
 []

<15.png, id=122, 1028.34187pt x 578.16pt>
File: 15.png Graphic file (type png)
 <use 15.png>
Overfull \hbox (44.4959pt too wide) in paragraph at lines 292--293
 [] 
 []

[19 <D:/Documents/Engineering/Third Year/Employability Skills Development Lab/P
roject Final/13.png (PNG copy)> <D:/Documents/Engineering/Third Year/Employabil
ity Skills Development Lab/Project Final/14.png (PNG copy)>]
<17.png, id=126, 1028.34187pt x 578.16pt>
File: 17.png Graphic file (type png)
 <use 17.png>
Overfull \hbox (44.4959pt too wide) in paragraph at lines 295--296
 [] 
 []

<18.png, id=127, 1028.34187pt x 578.16pt>
File: 18.png Graphic file (type png)
 <use 18.png>
Overfull \hbox (44.4959pt too wide) in paragraph at lines 298--299
 [] 
 []

[20 <D:/Documents/Engineering/Third Year/Employability Skills Development Lab/P
roject Final/15.png (PNG copy)> <D:/Documents/Engineering/Third Year/Employabil
ity Skills Development Lab/Project Final/17.png (PNG copy)>]
<19.png, id=131, 1028.34187pt x 578.16pt>
File: 19.png Graphic file (type png)
 <use 19.png>
Overfull \hbox (44.4959pt too wide) in paragraph at lines 301--302
 [] 
 []

<19_1.png, id=132, 1028.34187pt x 578.16pt>
File: 19_1.png Graphic file (type png)
 <use 19_1.png>
Overfull \hbox (44.4959pt too wide) in paragraph at lines 304--305
 [] 
 []

[21 <D:/Documents/Engineering/Third Year/Employability Skills Development Lab/P
roject Final/18.png (PNG copy)> <D:/Documents/Engineering/Third Year/Employabil
ity Skills Development Lab/Project Final/19.png (PNG copy)>]
<19_2.png, id=137, 1028.34187pt x 578.16pt>
File: 19_2.png Graphic file (type png)
 <use 19_2.png>
Overfull \hbox (44.4959pt too wide) in paragraph at lines 307--308
 [] 
 []


LaTeX Warning: File `20 (1).png' not found on input line 310.

<20 (1).png, id=138, 1028.34187pt x 578.16pt>
File: 20 (1).png Graphic file (type png)
 <use 20 (1).png>
Overfull \hbox (85.62047pt too wide) in paragraph at lines 310--311
 [] 
 []

[22 <D:/Documents/Engineering/Third Year/Employability Skills Development Lab/P
roject Final/19_1.png (PNG copy)> <D:/Documents/Engineering/Third Year/Employab
ility Skills Development Lab/Project Final/19_2.png (PNG copy)>]

LaTeX Warning: File `20 (2).png' not found on input line 313.

<20 (2).png, id=142, 1028.34187pt x 578.16pt>
File: 20 (2).png Graphic file (type png)
 <use 20 (2).png>
Overfull \hbox (85.62047pt too wide) in paragraph at lines 313--314
 [] 
 []


LaTeX Warning: File `20 (3).png' not found on input line 316.

<20 (3).png, id=143, 1028.34187pt x 578.16pt>
File: 20 (3).png Graphic file (type png)
 <use 20 (3).png>
Overfull \hbox (85.62047pt too wide) in paragraph at lines 316--317
 [] 
 []

[23 <D:/Documents/Engineering/Third Year/Employability Skills Development Lab/P
roject Final/20 (1).png (PNG copy)> <D:/Documents/Engineering/Third Year/Employ
ability Skills Development Lab/Project Final/20 (2).png (PNG copy)>]
<21.png, id=147, 1028.34187pt x 578.16pt>
File: 21.png Graphic file (type png)
 <use 21.png>
Overfull \hbox (44.4959pt too wide) in paragraph at lines 319--320
 [] 
 []

[24 <D:/Documents/Engineering/Third Year/Employability Skills Development Lab/P
roject Final/20 (3).png (PNG copy)> <D:/Documents/Engineering/Third Year/Employ
ability Skills Development Lab/Project Final/21.png (PNG copy)>]
Chapter 8.
[25

]
Chapter 9.
[26

]
("D:\Documents\Engineering\Third Year\Employability Skills Development Lab\Proj
ect Final\Project..aux") ) 
Here is how much of TeX's memory you used:
 12961 strings out of 494053
 270411 string characters out of 3148595
 339730 words of memory out of 3000000
 16002 multiletter control sequences out of 15000+200000
 9689 words of font info for 35 fonts, out of 3000000 for 9000
 715 hyphenation exceptions out of 8191
 62i,8n,78p,961b,760s stack positions out of 5000i,500n,10000p,200000b,50000s
<C:/Program Files/MiKTeX 2.9/fonts/type1/public/amsfo
nts/cm/cmbx12.pfb><C:/Program Files/MiKTeX 2.9/fonts/type1/public/amsfonts/cm/c
mr12.pfb><C:/Program Files/MiKTeX 2.9/fonts/type1/public/amsfonts/cm/cmr17.pfb>
<C:/Program Files/MiKTeX 2.9/fonts/type1/public/amsfonts/cm/cmtt12.pfb>
Output written on Project..pdf (30 pages, 21190995 bytes).
PDF statistics:
 172 PDF objects out of 1000 (max. 8388607)
 0 named destinations out of 1000 (max. 500000)
 252 words of extra memory for PDF output out of 10000 (max. 10000000)

